C51 COMPILER V9.01   L298                                                                  08/19/2013 15:41:50 PAGE 1   


C51 COMPILER V9.01, COMPILATION OF MODULE L298
OBJECT MODULE PLACED IN l298.OBJ
COMPILER INVOKED BY: D:\keil\C51\BIN\C51.EXE l298.c BROWSE DEBUG OBJECTEXTEND

line level    source

   1          #include "l298.h"
   2          
   3          //正传函数
   4          void foreward() {//接out1
   5   1              en1 = 1;
   6   1              in1 = 1;
   7   1              in2 = 0;                                
   8   1      }
   9          
  10          //翻转函数
  11          void reverse() {
  12   1              en2 = 1;
  13   1              in3 = 0;
  14   1              in4 = 1;
  15   1      }
  16          
  17          //停止函数      
  18          void stop() {
  19   1              en1 = 0;
  20   1              en2 = 0;
  21   1      }
  22          
  23          


MODULE INFORMATION:   STATIC OVERLAYABLE
   CODE SIZE        =     19    ----
   CONSTANT SIZE    =   ----    ----
   XDATA SIZE       =   ----    ----
   PDATA SIZE       =   ----    ----
   DATA SIZE        =   ----    ----
   IDATA SIZE       =   ----    ----
   BIT SIZE         =   ----    ----
END OF MODULE INFORMATION.


C51 COMPILATION COMPLETE.  0 WARNING(S),  0 ERROR(S)
