C51 COMPILER V9.52.0.0   LED                                                               07/30/2014 17:11:08 PAGE 1   


C51 COMPILER V9.52.0.0, COMPILATION OF MODULE LED
OBJECT MODULE PLACED IN LED.OBJ
COMPILER INVOKED BY: D:\Keil\C51\BIN\C51.EXE LED.C BROWSE DEBUG OBJECTEXTEND TABS(2)

line level    source

   1          #include "led.h"
   2          #include "reg52.h"
   3          
   4          void light (unsigned char no) {
   5   1        P0 = (~no) & P0;  
   6   1      }
   7          
   8          void blow (unsigned char no) {
   9   1        P0 = no | P0;
  10   1      }


MODULE INFORMATION:   STATIC OVERLAYABLE
   CODE SIZE        =      9    ----
   CONSTANT SIZE    =   ----    ----
   XDATA SIZE       =   ----    ----
   PDATA SIZE       =   ----    ----
   DATA SIZE        =   ----    ----
   IDATA SIZE       =   ----    ----
   BIT SIZE         =   ----    ----
END OF MODULE INFORMATION.


C51 COMPILATION COMPLETE.  0 WARNING(S),  0 ERROR(S)
