C51 COMPILER V9.01   MAIN                                                                  08/30/2013 11:55:43 PAGE 1   


C51 COMPILER V9.01, COMPILATION OF MODULE MAIN
OBJECT MODULE PLACED IN main.OBJ
COMPILER INVOKED BY: D:\keil\C51\BIN\C51.EXE main.c BROWSE DEBUG OBJECTEXTEND

line level    source

   1          #include "uart.h"
   2          #include "reg52.h"
   3          #include "DS18B20.h"
   4          #include <stdio.h>
   5          
   6          void delay (unsigned int time)  {// µœ÷¡À0.01√Îµƒ—” ±
   7   1      
   8   1              unsigned int i,j;
   9   1               for(i = 0; i < time; i++) {
  10   2                      for(j = 0; j < 1872; j++) {
  11   3                      }
  12   2               } 
  13   1      
  14   1      }
  15          
  16          void main() {
  17   1              unsigned int d = 0;
  18   1              float temp = 0;
  19   1              initUart();
  20   1      
  21   1              while(1) {
  22   2                      d = getTemperatur();
  23   2                      temp = d * 0.0625; //µ√µΩ’Ê µ ÆΩ¯÷∆Œ¬∂»÷µ£¨“ÚŒ™DS18B20  
  24   2                      //ø…“‘æ´»∑µΩ0.0625∂»£¨À˘“‘∂¡ªÿ ˝æ›µƒ◊ÓµÕŒª¥˙±Ìµƒ «0.0625∂»°£
  25   2                      d = temp*10  + 0.5;     //∑≈¥Û Æ±∂£¨’‚—˘◊ˆµƒƒøµƒΩ´–° ˝µ„∫Ûµ⁄“ªŒª“≤◊™ªªŒ™ø…œ‘ æ ˝◊÷£¨Õ¨ ±Ω¯––“ª∏ˆÀƒ…·ŒÂ»Î≤
             -Ÿ◊˜°£
  26   2                      UartSendByte(d);
  27   2                      d >>= 8;
  28   2                      UartSendByte(d);
  29   2                 delay(100);
  30   2              }
  31   1      }


MODULE INFORMATION:   STATIC OVERLAYABLE
   CODE SIZE        =    139    ----
   CONSTANT SIZE    =   ----    ----
   XDATA SIZE       =   ----    ----
   PDATA SIZE       =   ----    ----
   DATA SIZE        =   ----       6
   IDATA SIZE       =   ----    ----
   BIT SIZE         =   ----    ----
END OF MODULE INFORMATION.


C51 COMPILATION COMPLETE.  0 WARNING(S),  0 ERROR(S)
