C51 COMPILER V9.52.0.0   LCD12864                                                          04/30/2015 17:33:59 PAGE 1   


C51 COMPILER V9.52.0.0, COMPILATION OF MODULE LCD12864
OBJECT MODULE PLACED IN LCD12864.OBJ
COMPILER INVOKED BY: E:\Keil\C51\BIN\C51.EXE LCD12864.c BROWSE DEBUG OBJECTEXTEND TABS(2)

line level    source

   1          #include "lcd12864.h"
   2          #include "reg52.h"
   3          
   4          #define uchar unsigned char
   5          #define uint unsigned int
   6          
   7          sbit lcd12864_rs = P1^2;
   8          sbit lcd12864_rw = P1^1;
   9          sbit lcd12864_e = P1^0;
  10          
  11          void lcd12864Delay(unsigned int i) { //实现了0.001秒的延时
  12   1        
  13   1        unsigned int x,j;
  14   1        
  15   1        for(j=0;j<i;j++) {
  16   2          for(x=0;x<=148;x++) {
  17   3          } 
  18   2        }
  19   1      }
  20          
  21          void lcd12864WriteCommand(uchar comm) {
  22   1        lcd12864_e = 0;
  23   1        
  24   1        lcd12864_rs = 0;
  25   1        lcd12864_rw = 0;
  26   1        P0 = comm;
  27   1        lcd12864_e = 1;
  28   1        lcd12864Delay(5);
  29   1        
  30   1        lcd12864_e = 0;
  31   1        
  32   1      }
  33          
  34          void lcd12864WriteData(uchar data_) {
  35   1        lcd12864_e = 0;
  36   1        
  37   1        lcd12864_rs = 1;
  38   1        lcd12864_rw = 0;
  39   1        P0 = data_;
  40   1        lcd12864_e = 1;
  41   1        lcd12864Delay(5);
  42   1        
  43   1        lcd12864_e = 0;
  44   1        
  45   1      }
  46          
  47          void lcd12864Init() {
  48   1        lcd12864WriteCommand(0x30);//设定指令集用基本指令集
  49   1        lcd12864WriteCommand(0x0c);//打开屏幕显示 (前1位是1后面三位分别表示 整体显示 游标 游标位置)
  50   1        lcd12864WriteCommand(0x01);//清屏指令，防止前面初始化时出现一些乱码在屏幕上面
  51   1        lcd12864WriteCommand(0x80);//设置显示地址。也就是屏幕上面的(0,0)点
  52   1      }
  53          
  54          void lcd12864Show(uchar x, uchar y, uchar data_) {
  55   1        // 128/8 = 16; 64/16 = 4; 这个lcd只能显示16x4(符号)或者8x4(汉字);
C51 COMPILER V9.52.0.0   LCD12864                                                          04/30/2015 17:33:59 PAGE 2   

  56   1        //第一行首地址 0x80; 二 0x90; 三 0x88; 四 0x98;
  57   1        uchar address;
  58   1        switch (y) {
  59   2        case 0: 
  60   2          address = 0x80 + x;
  61   2          break;
  62   2        case 1:
  63   2          address = 0x90 + x;
  64   2          break;
  65   2        case 2:
  66   2          address = 0x88 + x;
  67   2          break;
  68   2        case 3:
  69   2          address = 0x98 + x;
  70   2          break;
  71   2        }
  72   1        lcd12864WriteCommand(address);
  73   1        lcd12864WriteData(data_);
  74   1      }


MODULE INFORMATION:   STATIC OVERLAYABLE
   CODE SIZE        =    130    ----
   CONSTANT SIZE    =   ----    ----
   XDATA SIZE       =   ----    ----
   PDATA SIZE       =   ----    ----
   DATA SIZE        =   ----       1
   IDATA SIZE       =   ----    ----
   BIT SIZE         =   ----    ----
END OF MODULE INFORMATION.


C51 COMPILATION COMPLETE.  0 WARNING(S),  0 ERROR(S)
