C51 COMPILER V9.52.0.0   MAIN                                                              04/30/2015 17:33:59 PAGE 1   


C51 COMPILER V9.52.0.0, COMPILATION OF MODULE MAIN
OBJECT MODULE PLACED IN main.OBJ
COMPILER INVOKED BY: E:\Keil\C51\BIN\C51.EXE main.c BROWSE DEBUG OBJECTEXTEND TABS(2)

line level    source

   1          #include "lcd12864.h"
   2          
   3          void main () {
   4   1      
   5   1        lcd12864Init();
   6   1        lcd12864Show(0,0,'N');
   7   1        lcd12864Show(0,1,'H');
   8   1        lcd12864Show(0,2,'!');
   9   1      
  10   1        while(1);
  11   1      }


MODULE INFORMATION:   STATIC OVERLAYABLE
   CODE SIZE        =     31    ----
   CONSTANT SIZE    =   ----    ----
   XDATA SIZE       =   ----    ----
   PDATA SIZE       =   ----    ----
   DATA SIZE        =   ----    ----
   IDATA SIZE       =   ----    ----
   BIT SIZE         =   ----    ----
END OF MODULE INFORMATION.


C51 COMPILATION COMPLETE.  0 WARNING(S),  0 ERROR(S)
