C51 COMPILER V9.01   IR                                                                    08/30/2013 12:17:00 PAGE 1   


C51 COMPILER V9.01, COMPILATION OF MODULE IR
OBJECT MODULE PLACED IN IR.OBJ
COMPILER INVOKED BY: D:\keil\C51\BIN\C51.EXE IR.c BROWSE DEBUG OBJECTEXTEND

line level    source

   1          #include "ir.h"
   2          
   3          //unsigned char readData [4];
   4          
   5          void initIR() {
   6   1              EA = 1;//打开中断总开关
   7   1              EX1 = 1;//打开外部中断1
   8   1              IT0 = 0;//当IT0=0时，为电平触发方式(低电平)             
   9   1      }


MODULE INFORMATION:   STATIC OVERLAYABLE
   CODE SIZE        =      7    ----
   CONSTANT SIZE    =   ----    ----
   XDATA SIZE       =   ----    ----
   PDATA SIZE       =   ----    ----
   DATA SIZE        =   ----    ----
   IDATA SIZE       =   ----    ----
   BIT SIZE         =   ----    ----
END OF MODULE INFORMATION.


C51 COMPILATION COMPLETE.  0 WARNING(S),  0 ERROR(S)
