C51 COMPILER V9.01   MAIN                                                                  08/30/2013 12:17:00 PAGE 1   


C51 COMPILER V9.01, COMPILATION OF MODULE MAIN
OBJECT MODULE PLACED IN main.OBJ
COMPILER INVOKED BY: D:\keil\C51\BIN\C51.EXE main.c BROWSE DEBUG OBJECTEXTEND

line level    source

   1          #include "ir.h"
   2          #include "reg52.h"
   3          #include "uart.h"
   4          
   5          unsigned char readData [4];
   6          
   7          void main() {
   8   1      
   9   1              initIR();
  10   1              initUart();
  11   1              while (1) {
  12   2      
  13   2              }
  14   1      }
  15          
  16          void delay_IR(unsigned char x)  {   //x*0.14MS
  17   1              unsigned char i;
  18   1              while(x--) {
  19   2                      for (i = 0; i<13; i++) {}
  20   2              }
  21   1      }
  22          
  23          
  24          void IRHandle() interrupt 2 {
  25   1      /*这个是解析函数，按键的键码被放到了readData[2]里面*/
  26   1              unsigned char j,k,N=0;
  27   1      
  28   1              EX1 = 0; //关闭外部中断1  
  29   1              delay_IR(15);//延时15*0.14MS=2.1ms
  30   1      
  31   1              if (IR==1) { //如果此时IR为高说明什么呢？好像是一开始应该是9ms的低电平
  32   2                      EX1 =1;//信号没有出现，返回。这次是干扰
  33   2                      return;
  34   2              } 
  35   1              //确认IR信号出现
  36   1              while (!IR) { //等IR变为高电平，跳过9ms的前导低电平信号。           
  37   2                      delay_IR(1);//延时0.14ms
  38   2              }                                               
  39   1              
  40   1              for (j=0;j<4;j++)  {       //收集四组数据        
  41   2                      for (k=0;k<8;k++) {       //每组数据有8位
  42   3                              while (IR) {           //等 IR 变为低电平，跳过4.5ms的前导高电平信号。
  43   4                                      delay_IR(1);
  44   4                              }
  45   3                              while (!IR) {         //等 IR 变为高电平
  46   4                                      delay_IR(1);
  47   4                              }
  48   3                              while (IR) {          //计算IR高电平时长
  49   4                                      delay_IR(1);
  50   4                                      N++;           
  51   4                                      if (N>=30) {//这里会有抖动,所以千万别认为按一次键只解码了一次
  52   5                                              EX1=1;
  53   5                                              return;
  54   5                                      }                  //0.14ms计数过长自动离开。
  55   4                              }                        //高电平计数完毕                   
C51 COMPILER V9.01   MAIN                                                                  08/30/2013 12:17:00 PAGE 2   

  56   3                              //数据处理       
  57   3                              readData[j]=readData[j] >> 1; //数据移位
  58   3                              if (N>=8) { //8*0.14 = 1.12  如果超过了这个时间，该位为1
  59   4                                      readData[j] |= 0x80;
  60   4                              }  
  61   3                              N=0;
  62   3                      }//end for k
  63   2              }//end for j
  64   1              
  65   1              if (readData[2] == ~readData[3]) {       //这里验证是为了保证解码成功
  66   2                      //这里直接做解码后面的逻辑处理
  67   2                      UartSendByte(readData[2]);
  68   2              }
  69   1              EX1 = 1; 
  70   1      }
  71          


MODULE INFORMATION:   STATIC OVERLAYABLE
   CODE SIZE        =    213    ----
   CONSTANT SIZE    =   ----    ----
   XDATA SIZE       =   ----    ----
   PDATA SIZE       =   ----    ----
   DATA SIZE        =      4       2
   IDATA SIZE       =   ----    ----
   BIT SIZE         =   ----    ----
END OF MODULE INFORMATION.


C51 COMPILATION COMPLETE.  0 WARNING(S),  0 ERROR(S)
