C51 COMPILER V9.01   1602                                                                  10/17/2012 20:59:39 PAGE 1   


C51 COMPILER V9.01, COMPILATION OF MODULE 1602
OBJECT MODULE PLACED IN .\out\1602.obj
COMPILER INVOKED BY: D:\keil\C51\BIN\C51.EXE ..\user\1602.c BROWSE DEBUG OBJECTEXTEND PRINT(.\list\1602.lst) OBJECT(.\ou
                    -t\1602.obj)

line level    source

   1          #ifndef __1602_H__
   2          #define __1602_H__
   3          
   4          #include "sys.h"
   5          #include "1602.h"
   6          
   7          void lcd1602_writeCommand(u16 c) {
   8   1              //RS = L为写指令状态,RS = H 为写数据状态
   9   1              lcdRS = 0;       //设置液晶为写命令状态
  10   1              lcdRW = 0;      //设置为写状态
  11   1              P0 = c; //送数据
  12   1              delay_ms(5);  //按照手册,延时一会儿
  13   1              //给一个高脉冲,让数据有效的被读走
  14   1              lcdenable = 1; 
  15   1              delay_ms(5);
  16   1              lcdenable = 0;
  17   1      }
  18          
  19          void lcd1602_writeData(u16 x, u16 y, u16 d) {
  20   1              //RS = L为写指令状态,RS = H 为写数据状态
  21   1              if(y == 0) //如果没有postion == -1,说明没有设置位置.我没就接着上一次的地址写
  22   1                      lcd1602_writeCommand(0x80 + x); 
  23   1              if(y == 1)
  24   1                      lcd1602_writeCommand(0x80 + 0x40 + x);  
  25   1      
  26   1              lcdRS = 1;       //设置液晶为写数据状态
  27   1              lcdRW = 0;      //设置为写状态
  28   1              P0 = d; //送数据
  29   1              delay_ms(5);  //按照手册,延时一会儿
  30   1              //给一个高脉冲,让数据有效的被读走
  31   1              lcdenable = 1; 
  32   1              delay_ms(5);
  33   1              lcdenable = 0;
  34   1      }
  35          
  36          void lcd1602_init() {
  37   1              //初始化总的环境                           
  38   1              lcdenable = 0;//是液晶能接收信号
  39   1              lcd1602_writeCommand(0x38);//设置16x02显示,8位数据口
  40   1              lcd1602_writeCommand(0x01);//清楚当前显示的数据
  41   1              lcd1602_writeCommand(0x0c);//设置显示:开;光标:显示光标:开;闪烁:开
  42   1              lcd1602_writeCommand(0x06);//读写一个字符地址:自动加一;自动滚屏:否  
  43   1              lcd1602_writeCommand(0x80);//设置地址为第一个字符处
  44   1      }
  45          
  46          #endif
  47          


MODULE INFORMATION:   STATIC OVERLAYABLE
   CODE SIZE        =    138    ----
   CONSTANT SIZE    =   ----    ----
   XDATA SIZE       =   ----    ----
   PDATA SIZE       =   ----    ----
C51 COMPILER V9.01   1602                                                                  10/17/2012 20:59:39 PAGE 2   

   DATA SIZE        =   ----       6
   IDATA SIZE       =   ----    ----
   BIT SIZE         =   ----    ----
END OF MODULE INFORMATION.


C51 COMPILATION COMPLETE.  0 WARNING(S),  0 ERROR(S)
