C51 COMPILER V9.52.0.0   KEY                                                               12/29/2014 17:21:26 PAGE 1   


C51 COMPILER V9.52.0.0, COMPILATION OF MODULE KEY
OBJECT MODULE PLACED IN .\out\key.obj
COMPILER INVOKED BY: D:\Keil\C51\BIN\C51.EXE ..\user\KEY\key.c BROWSE DEBUG OBJECTEXTEND PRINT(.\list\key.lst) TABS(2) O
                    -BJECT(.\out\key.obj)

line level    source

   1          #include "key.h"
   2          
   3          sbit key1 = P3^7;
   4          sbit key2 = P3^6;
   5          sbit key3 = P3^5;
   6          sbit key4 = P3^4;
   7          
   8          static void keyDelay(unsigned int i) { //实现了0.001秒的延时  
   9   1        unsigned int x,j; 
  10   1        for(j=0;j<i;j++) {
  11   2          for(x=0;x<=148;x++) {
  12   3          } 
  13   2        }
  14   1      }
  15          
  16          unsigned char getKey() {
  17   1        if(!key1 || !key2 || !key3 || !key4) { //如果有按键被按下
  18   2          keyDelay(10);//消抖
  19   2            if(!key1 || !key2 || !key3|| !key4) { //如果还有按键被按下，说明按键真的被按下
  20   3            if(key1 == 0) {
  21   4              while(!key1); //等待按键弹起        
  22   4              return 1;       
  23   4            }
  24   3            else if(key2 == 0)  {
  25   4              while(!key2); //等待按键弹起        
  26   4              return 2;
  27   4            }
  28   3            else if(key3 == 0) {      
  29   4              while(!key3); //等待按键弹起      
  30   4              return 3;
  31   4            }
  32   3            else if(key4 == 0) {    
  33   4              while(!key4); //等待按键弹起    
  34   4              return 4;
  35   4            }
  36   3          }   
  37   2        }
  38   1        return 0; 
  39   1      }
  40          
  41          KEY key = {
  42            getKey
  43          };


MODULE INFORMATION:   STATIC OVERLAYABLE
   CODE SIZE        =    102    ----
   CONSTANT SIZE    =   ----    ----
   XDATA SIZE       =   ----    ----
   PDATA SIZE       =   ----    ----
   DATA SIZE        =      3    ----
   IDATA SIZE       =   ----    ----
   BIT SIZE         =   ----    ----
END OF MODULE INFORMATION.

C51 COMPILER V9.52.0.0   KEY                                                               12/29/2014 17:21:26 PAGE 2   


C51 COMPILATION COMPLETE.  0 WARNING(S),  0 ERROR(S)
