C51 COMPILER V9.52.0.0   LCD1602                                                           12/29/2014 17:21:26 PAGE 1   


C51 COMPILER V9.52.0.0, COMPILATION OF MODULE LCD1602
OBJECT MODULE PLACED IN .\out\LCD1602.obj
COMPILER INVOKED BY: D:\Keil\C51\BIN\C51.EXE ..\user\LCD1602\LCD1602.c BROWSE DEBUG OBJECTEXTEND PRINT(.\list\LCD1602.ls
                    -t) TABS(2) OBJECT(.\out\LCD1602.obj)

line level    source

   1          #include "lcd1602.h"
   2          #include "reg52.h"
   3          
   4          sbit lcdenable = P1^0;
   5          sbit lcdRS = P1^2;
   6          sbit lcdRW = P1^1;
   7            
   8          void lcd1602_writeData (unsigned char x, unsigned char y, unsigned char d);
   9          void lcd1602_init ();
  10          
  11          static void lcd1602_writeCommand(unsigned char c);
  12          static void lcd1602Delay(unsigned int i);
  13          
  14          LCD1602 lcd1602 = {
  15            lcd1602_writeData,
  16            lcd1602_init
  17          };
  18          
  19          static void lcd1602Delay(unsigned int i) { //实现了0.001秒的延时  
  20   1        unsigned int x,j; 
  21   1        for(j=0;j<i;j++) {
  22   2          for(x=0;x<=148;x++) {
  23   3          } 
  24   2        }
  25   1      }
  26          
  27          static void lcd1602_writeCommand(unsigned char c) {
  28   1        //RS = L为写指令状态,RS = H 为写数据状态
  29   1        lcdRS = 0;   //设置液晶为写命令状态
  30   1        lcdRW = 0;  //设置为写状态
  31   1        P0 = c; //送数据
  32   1        lcd1602Delay(5);  //按照手册,延时一会儿
  33   1        //给一个高脉冲,让数据有效的被读走
  34   1        lcdenable = 1; 
  35   1        lcd1602Delay(5);
  36   1        lcdenable = 0;
  37   1      }
  38          
  39          void lcd1602_writeData (unsigned char x, unsigned char y, unsigned char d) {
  40   1        //RS = L为写指令状态,RS = H 为写数据状态
  41   1        if(y == 0) //如果没有postion == -1,说明没有设置位置.我没就接着上一次的地址写
  42   1          lcd1602_writeCommand(0x80 + x); 
  43   1        if(y == 1)
  44   1          lcd1602_writeCommand(0x80 + 0x40 + x);  
  45   1        
  46   1        lcdRS = 1;   //设置液晶为写数据状态
  47   1        lcdRW = 0;  //设置为写状态
  48   1        P0 = d; //送数据
  49   1        lcd1602Delay(5);  //按照手册,延时一会儿
  50   1        //给一个高脉冲,让数据有效的被读走
  51   1        lcdenable = 1; 
  52   1        lcd1602Delay(5);
  53   1        lcdenable = 0;  
  54   1      }
C51 COMPILER V9.52.0.0   LCD1602                                                           12/29/2014 17:21:26 PAGE 2   

  55          
  56          
  57          void lcd1602_init () {
  58   1        //初始化总的环境         
  59   1        lcdenable = 0;//是液晶能接收信号
  60   1        lcd1602_writeCommand(0x38);//设置16x02显示,8位数据口
  61   1        lcd1602_writeCommand(0x01);//清楚当前显示的数据
  62   1        lcd1602_writeCommand(0x0c);//设置显示:开;光标:显示光标:开;闪烁:开
  63   1        lcd1602_writeCommand(0x06);//读写一个字符地址:自动加一;自动滚屏:否  
  64   1        lcd1602_writeCommand(0x80);//设置地址为第一个字符处
  65   1      }
  66          
  67          
  68          


MODULE INFORMATION:   STATIC OVERLAYABLE
   CODE SIZE        =    121    ----
   CONSTANT SIZE    =   ----    ----
   XDATA SIZE       =   ----    ----
   PDATA SIZE       =   ----    ----
   DATA SIZE        =      6       2
   IDATA SIZE       =   ----    ----
   BIT SIZE         =   ----    ----
END OF MODULE INFORMATION.


C51 COMPILATION COMPLETE.  0 WARNING(S),  0 ERROR(S)
