C51 COMPILER V9.52.0.0   MAIN                                                              12/29/2014 17:21:25 PAGE 1   


C51 COMPILER V9.52.0.0, COMPILATION OF MODULE MAIN
OBJECT MODULE PLACED IN .\out\main.obj
COMPILER INVOKED BY: D:\Keil\C51\BIN\C51.EXE ..\user\main.c BROWSE DEBUG OBJECTEXTEND PRINT(.\list\main.lst) TABS(2) OBJ
                    -ECT(.\out\main.obj)

line level    source

   1          #include "LCD1602/lcd1602.h"
   2          #include "DS1302/DS1302.h"
   3          #include "KEY/key.h"
   4          #include "RS232/RS232.h"
   5          #include "ir/IR.h"
   6          #include <stdio.h>
   7          
   8          /*
   9          1.1 ç”¨å®šæ—¶å™¨æ¥æ‰«ææŒ‰é”®,å¹¶åŠ å…¥å£°éŸ³(èœ‚é¸£å™¨)
  10            æ›´æ¢é¢å‘å¯¹è±¡å½¢å¼çš„é©±åŠ¨
  11          
  12          1.2 æ·»åŠ ä¸²å£è°ƒæ—¶åŠŸèƒ½
  13          
  14          */
  15          #define uchar unsigned char
  16          
  17          volatile  uchar time [7] = {0x00,0x50,0x16,0x14,0x10,0x07,0x12};
  18          volatile uchar code num [] = "0123456789";
  19          volatile uchar dataIndex = 0;
  20          volatile uchar uartBuff [] = {0x00,0x50,0x16,0x14,0x10,0x07,0x12};
  21          volatile uchar isSetting = 0;
  22          
  23          void showTime() {
  24   1        lcd1602.show(3,0,num[time[6] % 10]);
  25   1        lcd1602.show(2,0,num[time[6] / 10]);//åä½
  26   1      
  27   1        lcd1602.show(6,0,num[time[4] % 10]);
  28   1        lcd1602.show(5,0,num[time[4] / 10]);
  29   1      
  30   1        lcd1602.show(9,0,num[time[3] % 10]);
  31   1        lcd1602.show(8,0,num[time[3] / 10]);
  32   1      
  33   1        lcd1602.show(15,0,num[time[5] % 10]);
  34   1      
  35   1        lcd1602.show(5,1,num[time[2] % 10]);
  36   1        lcd1602.show(4,1,num[time[2] / 10]);
  37   1        lcd1602.show(8,1,num[time[1] % 10]);
  38   1        lcd1602.show(7,1,num[time[1] / 10]);  
  39   1        lcd1602.show(11,1,num[time[0] % 10]);//ä¸ªä½
  40   1        lcd1602.show(10,1,num[time[0] / 10]);//åä½
  41   1      }
  42          
  43          void updateTime() {
  44   1        isSetting = 1; //æ›´æ–°æ—¶é—´ 
  45   1        ds1302.setTime(time);
  46   1        isSetting = 0;
  47   1        showTime(); 
  48   1      }
  49          
  50          void init() {
  51   1      
  52   1        rs232.init();
  53   1        ds1302.init();
  54   1        lcd1602.init();
C51 COMPILER V9.52.0.0   MAIN                                                              12/29/2014 17:21:25 PAGE 2   

  55   1        ir.init();
  56   1      
  57   1        lcd1602.show(0,0,num[2]);
  58   1        lcd1602.show(1,0,num[0]);
  59   1        lcd1602.show(4,0,'-');//åä½  
  60   1        lcd1602.show(7,0,'-');//åä½
  61   1        lcd1602.show(10,0,' ');
  62   1        lcd1602.show(11,0,'D');
  63   1        lcd1602.show(12,0,'a');
  64   1        lcd1602.show(13,0,'y');
  65   1        lcd1602.show(14,0,':');
  66   1        lcd1602.show(6,1,':');
  67   1        lcd1602.show(9,1,':');
  68   1      
  69   1        ds1302.getTime(time);
  70   1        showTime(); 
  71   1      }
  72          
  73          void irHandler() {
  74   1      
  75   1        if(*ir.flag == 1) { 
  76   2          uchar keyValue; 
  77   2          keyValue = *ir.dat;//å¾—åˆ°é”®ç 
  78   2          switch (keyValue) {
  79   3            case 0x0c: 
  80   3              time[1] ++;   
  81   3              break;
  82   3            case 0x18 :
  83   3              time[2] ++;
  84   3              if(time[2] >= 25)
  85   3                time[2] = 0;
  86   3              break;
  87   3            case 0x5E :
  88   3              time[3] ++;
  89   3              if(time[3] >= 32)
  90   3                time[3] = 0;                  
  91   3              time[5] ++;
  92   3              if(time[5] >= 8)
  93   3                time[5] = 0;
  94   3              break;
  95   3            case 0x08 :
  96   3              time[4] ++;
  97   3              if(time[4] >= 13) {
  98   4                time[4] = 0;
  99   4                time[6] ++;
 100   4              } 
 101   3              break;
 102   3            case 0x1C :
 103   3              time[6] ++; 
 104   3              break;
 105   3            }
 106   2      
 107   2           updateTime();
 108   2      
 109   2          *ir.flag = 0; //æ ‡å¿—ä½ç½®0
 110   2        }
 111   1      }
 112          
 113          void keyHandler() {
 114   1        uchar keyValue = 0;
 115   1      
 116   1        keyValue = key.getKey();
C51 COMPILER V9.52.0.0   MAIN                                                              12/29/2014 17:21:25 PAGE 3   

 117   1        if(keyValue != 0) {
 118   2          switch (keyValue) {
 119   3          case 1 : 
 120   3            time[1] ++;
 121   3            break;
 122   3          case 2 :
 123   3            time[2] ++;
 124   3            if(time[2] >= 25)
 125   3              time[2] = 0;
 126   3            break;
 127   3          case 3 :
 128   3            time[3] ++;
 129   3            if(time[3] >= 32)
 130   3              time[3] = 0;                  
 131   3            time[5] ++;
 132   3            if(time[5] >= 8)
 133   3              time[5] = 0;
 134   3            break;
 135   3          case 4 :
 136   3            time[4] ++;
 137   3            if(time[4] >= 13) {
 138   4              time[4] = 0;
 139   4              time[6] ++;
 140   4            } 
 141   3            break;
 142   3          }
 143   2          updateTime();
 144   2        }
 145   1      }
 146          
 147          void main() {
 148   1        unsigned int timeScale = 0;
 149   1        init();
 150   1      
 151   1        while(1) {
 152   2      
 153   2          if(timeScale > 12000 && !isSetting) { //æ›´æ–°å±å¹•çš„æ—¶é—´
 154   3            ds1302.getTime(time);
 155   3            showTime();
 156   3            dataIndex = 0;//æ¸…é›¶ä¸²å£æ•°æ®æŒ‡é’ˆï¼Œæé«˜çº é”™èƒ½åŠ›
 157   3          }
 158   2          
 159   2          irHandler();//æŽ¥æ”¶åˆ°çº¢å¤–æ•°æ®.å†™åœ¨ä¸Šé¢ï¼Œè¯´æ˜Žä¼˜å…ˆçº§æ¯”æŒ‰é”®é«˜
 160   2      
 161   2          keyHandler();
 162   2      
 163   2          //æ—¶é—´ç‰‡
 164   2          timeScale++;
 165   2          if(timeScale > 12010)
 166   2            timeScale = 0;
 167   2      
 168   2        } 
 169   1      }
 170          
 171          //ä¸²å£å†™ä¸­æ–­
 172          void handler() interrupt 4 {
 173   1        ES = 0;
 174   1        uartBuff[dataIndex] = SBUF; //yezi--79657a690301
 175   1      
 176   1        if(dataIndex >= 5) {  //è¿™é‡Œåº”è¯¥è¿˜æœ‰ä¸€ä¸ªèµ·å§‹ä½å’Œç»“æŸä½çš„ã€‚ä½†æ˜¯ç”±äºŽæ—¶é—´åŽŸå› å°±ä¸å
             -†™äº†.å¦‚æžœæ²¡æœ‰èµ·å§‹ä½å’Œç»“æŸä½çš„ï¼Œå‡ºé”™çŽ‡å¾ˆé«˜  
 177   2          if(uartBuff[0]=='y'&&uartBuff[1]=='e'&&uartBuff[2]=='z'&&uartBuff[3]=='i') {//éªŒè¯æˆåŠŸ
C51 COMPILER V9.52.0.0   MAIN                                                              12/29/2014 17:21:25 PAGE 4   

 178   3            time[uartBuff[4]] = uartBuff[5];//è®¾ç½®æ•°æ®
 179   3            if(!isSetting) {
 180   4              isSetting = 1;
 181   4              ds1302.setTime(time);
 182   4              isSetting = 0;
 183   4              showTime();
 184   4            }
 185   3          }
 186   2        }
 187   1      
 188   1        dataIndex++;
 189   1        if(dataIndex > 5)
 190   1          dataIndex = 0;
 191   1        RI = 0;
 192   1        ES = 1;
 193   1      }


MODULE INFORMATION:   STATIC OVERLAYABLE
   CODE SIZE        =    994    ----
   CONSTANT SIZE    =     11    ----
   XDATA SIZE       =   ----    ----
   PDATA SIZE       =   ----    ----
   DATA SIZE        =     16       3
   IDATA SIZE       =   ----    ----
   BIT SIZE         =   ----    ----
END OF MODULE INFORMATION.


C51 COMPILATION COMPLETE.  0 WARNING(S),  0 ERROR(S)
