C51 COMPILER V9.52.0.0   RS232                                                             12/29/2014 17:21:27 PAGE 1   


C51 COMPILER V9.52.0.0, COMPILATION OF MODULE RS232
OBJECT MODULE PLACED IN .\out\RS232.obj
COMPILER INVOKED BY: D:\Keil\C51\BIN\C51.EXE ..\user\RS232\RS232.c BROWSE DEBUG OBJECTEXTEND PRINT(.\list\RS232.lst) TAB
                    -S(2) OBJECT(.\out\RS232.obj)

line level    source

   1          #include <reg52.h>
   2          #include "rs232.h"
   3          
   4          void comm_init();
   5          void send1Byte (unsigned char value);
   6          unsigned char read1Byte ();
   7          
   8          RS232 rs232 = {
   9            comm_init,
  10            send1Byte,
  11            read1Byte
  12          };
  13          
  14          void comm_init() {
  15   1        PCON = 0x00; //使能波特率倍速位SMOD
  16   1        SCON = 0x50; //8位数据,可变波特率
  17   1        TMOD &= 0x0f; //清除定时器1模式位
  18   1        TMOD |= 0x20; //设定定时器1为8位自动重装方式
  19   1        TL1 = 0xFD; //设定定时初值
  20   1        TH1 = 0xFD; //设定定时器重装值
  21   1        ET1 = 0; //禁止定时器1中断
  22   1        TR1 = 1; //启动定时器1
  23   1        ES = 1;
  24   1        EA = 1;
  25   1      }
  26          
  27          void send1Byte (unsigned char value) {
  28   1        ES = 0;
  29   1        SBUF = value;
  30   1        while(!TI);
  31   1        TI = 0; //记得要清零,不然会发送两次
  32   1        ES = 1;
  33   1      }
  34          
  35          unsigned char read1Byte () {
  36   1        unsigned char d;
  37   1        while(RI != 1);
  38   1        d = SBUF;
  39   1        RI = 0;
  40   1        return (d);
  41   1      }


MODULE INFORMATION:   STATIC OVERLAYABLE
   CODE SIZE        =     47    ----
   CONSTANT SIZE    =   ----    ----
   XDATA SIZE       =   ----    ----
   PDATA SIZE       =   ----    ----
   DATA SIZE        =      9    ----
   IDATA SIZE       =   ----    ----
   BIT SIZE         =   ----    ----
END OF MODULE INFORMATION.


C51 COMPILATION COMPLETE.  0 WARNING(S),  0 ERROR(S)
