C51 COMPILER V9.01   SYS                                                                   10/17/2012 20:59:39 PAGE 1   


C51 COMPILER V9.01, COMPILATION OF MODULE SYS
OBJECT MODULE PLACED IN .\out\sys.obj
COMPILER INVOKED BY: D:\keil\C51\BIN\C51.EXE ..\user\sys.c BROWSE DEBUG OBJECTEXTEND PRINT(.\list\sys.lst) OBJECT(.\out\
                    -sys.obj)

line level    source

   1          #ifndef __SYS_C__
   2          #define __SYS_C__
   3          
   4          #include "sys.h"
   5          
   6          
   7          void delay_ms(u16 i) { //实现了0.001秒的延时
   8   1              
   9   1              u16 x,j;
  10   1              
  11   1              for(j=0;j<i;j++) {
  12   2                      for(x = 0; x <= 148; x++) {
  13   3                      }       
  14   2              }
  15   1      }
  16          
  17          void delay_10ms (u16 time)  {//实现了0.01秒的延时
  18   1      
  19   1              u16 i,j;
  20   1              
  21   1              for(i = 0; i < time; i++) {
  22   2                      for(j = 0; j < 1872; j++) {
  23   3                      }
  24   2              } 
  25   1      
  26   1      }
  27          #endif


MODULE INFORMATION:   STATIC OVERLAYABLE
   CODE SIZE        =     64    ----
   CONSTANT SIZE    =   ----    ----
   XDATA SIZE       =   ----    ----
   PDATA SIZE       =   ----    ----
   DATA SIZE        =   ----    ----
   IDATA SIZE       =   ----    ----
   BIT SIZE         =   ----    ----
END OF MODULE INFORMATION.


C51 COMPILATION COMPLETE.  0 WARNING(S),  0 ERROR(S)
