C51 COMPILER V9.01   MACHINE                                                               08/19/2013 15:28:07 PAGE 1   


C51 COMPILER V9.01, COMPILATION OF MODULE MACHINE
OBJECT MODULE PLACED IN machine.OBJ
COMPILER INVOKED BY: D:\keil\C51\BIN\C51.EXE machine.c BROWSE DEBUG OBJECTEXTEND

line level    source

   1          #include "machine.h"
   2          
   3          #define uchar unsigned char
   4          #define uint unsigned int
   5          
   6          unsigned char code F_Rotation[8]={0x01,0x03,0x02,0x06,0x04,0x0c,0x08,0x09};    //顺时针转表格
   7          unsigned char code B_Rotation[8]={0x09,0x08,0x0c,0x04,0x6,0x02,0x03,0x01};    //逆时针转表格
   8          
   9          void delay_machine(unsigned i) {
  10   1              unsigned char x,j;
  11   1              for(j=0;j<i;j++)
  12   1              for(x=0;x<=135;x++);    
  13   1      }
  14          
  15          void fStep() {
  16   1              uchar i;
  17   1              for(i = 0; i < 8; i++) {                //因为有8路的控制时序
  18   2                      P1 = F_Rotation[i];  //正时针转动
  19   2                      delay_machine(2);
  20   2              }                       
  21   1      }
  22          
  23          void bStep() {
  24   1              uchar i;
  25   1              for(i = 0; i < 8; i++) {                //因为有8路的控制时序
  26   2                      P1 = B_Rotation[i];  //逆时针转动
  27   2                      delay_machine(2);
  28   2              }               
  29   1      }


MODULE INFORMATION:   STATIC OVERLAYABLE
   CODE SIZE        =     56    ----
   CONSTANT SIZE    =     16    ----
   XDATA SIZE       =   ----    ----
   PDATA SIZE       =   ----    ----
   DATA SIZE        =   ----    ----
   IDATA SIZE       =   ----    ----
   BIT SIZE         =   ----    ----
END OF MODULE INFORMATION.


C51 COMPILATION COMPLETE.  0 WARNING(S),  0 ERROR(S)
