C51 COMPILER V9.01   MAIN                                                                  08/30/2013 11:49:54 PAGE 1   


C51 COMPILER V9.01, COMPILATION OF MODULE MAIN
OBJECT MODULE PLACED IN main.OBJ
COMPILER INVOKED BY: D:\keil\C51\BIN\C51.EXE main.c BROWSE DEBUG OBJECTEXTEND

line level    source

   1          #include "uart.h"
   2          #include "reg52.h"
   3          #include "DS18B20.h"
   4          #include <stdio.h>
   5          
   6          void delay (unsigned int time)  {//实现了0.01秒的延时
   7   1      
   8   1              unsigned int i,j;
   9   1               for(i = 0; i < time; i++) {
  10   2                      for(j = 0; j < 1872; j++) {
  11   3                      }
  12   2               } 
  13   1      
  14   1      }
  15          
  16          void main() {
  17   1              unsigned char d = 0;
  18   1              initUart();
  19   1      
  20   1              while(1) {
  21   2                      d = getTemperatur();
  22   2                      UartSendByte(d);
  23   2                 delay(100);
  24   2              }
  25   1      }


MODULE INFORMATION:   STATIC OVERLAYABLE
   CODE SIZE        =     55    ----
   CONSTANT SIZE    =   ----    ----
   XDATA SIZE       =   ----    ----
   PDATA SIZE       =   ----    ----
   DATA SIZE        =   ----       1
   IDATA SIZE       =   ----    ----
   BIT SIZE         =   ----    ----
END OF MODULE INFORMATION.


C51 COMPILATION COMPLETE.  0 WARNING(S),  0 ERROR(S)
