C51 COMPILER V9.01   UART                                                                  08/30/2013 11:49:54 PAGE 1   


C51 COMPILER V9.01, COMPILATION OF MODULE UART
OBJECT MODULE PLACED IN uart.OBJ
COMPILER INVOKED BY: D:\keil\C51\BIN\C51.EXE uart.c BROWSE DEBUG OBJECTEXTEND

line level    source

   1          #include <reg52.h>
   2          #include "uart.h"
   3          
   4          void initUart() {
   5   1              PCON = 0x00; //使能波特率倍速位SMOD
   6   1              SCON = 0x50; //8位数据,可变波特率
   7   1              TMOD &= 0x0f; //清除定时器1模式位
   8   1              TMOD |= 0x20; //设定定时器1为8位自动重装方式
   9   1              TL1 = 0xFD; //设定定时初值
  10   1              TH1 = 0xFD; //设定定时器重装值
  11   1              ET1 = 0; //禁止定时器1中断
  12   1              TR1 = 1; //启动定时器1
  13   1              ES = 1;
  14   1              EA = 1;
  15   1      }
  16          
  17          void UartSendByte (unsigned char value) {
  18   1              ES = 0;
  19   1              SBUF = value;
  20   1              while(!TI);
  21   1              TI = 0; //记得要清零,不然会发送两次
  22   1              ES = 1;
  23   1      }
  24          
  25          unsigned char UartReadByte () {
  26   1              unsigned char d;
  27   1              while(RI != 1);
  28   1              d = SBUF;
  29   1              RI = 0;
  30   1              return (d);
  31   1      }


MODULE INFORMATION:   STATIC OVERLAYABLE
   CODE SIZE        =     47    ----
   CONSTANT SIZE    =   ----    ----
   XDATA SIZE       =   ----    ----
   PDATA SIZE       =   ----    ----
   DATA SIZE        =   ----    ----
   IDATA SIZE       =   ----    ----
   BIT SIZE         =   ----    ----
END OF MODULE INFORMATION.


C51 COMPILATION COMPLETE.  0 WARNING(S),  0 ERROR(S)
