C51 COMPILER V9.01   DS1302                                                                08/30/2013 12:19:50 PAGE 1   


C51 COMPILER V9.01, COMPILATION OF MODULE DS1302
OBJECT MODULE PLACED IN DS1302.OBJ
COMPILER INVOKED BY: D:\keil\C51\BIN\C51.EXE DS1302.c BROWSE DEBUG OBJECTEXTEND

line level    source

   1          #include "ds1302.h"
   2          
   3          #define uchar unsigned char
   4          #define uint unsigned int
   5          
   6          sbit DS1302_SCLK = P2^2;
   7          sbit DS1302_IO = P2^1;
   8          sbit DS1302_RST = P2^0;
   9          
  10          void write1Byte(uchar address) {
  11   1              unsigned int i;
  12   1              for(i=8; i>0; i--){
  13   2                      DS1302_IO = address&0x01;////取address的最低位
  14   2                      DS1302_SCLK = 1;
  15   2                      DS1302_SCLK= 0;
  16   2                      address >>= 1; //相当于汇编中的 RRC
  17   2              }
  18   1      }
  19          
  20          uchar readDS1302() {
  21   1              unsigned char i;
  22   1              unsigned char da = 0;
  23   1      
  24   1              for(i = 0; i < 8; i++) { //读数据
  25   2                      DS1302_SCLK = 0;  //一拉低就能读取数据了
  26   2                      if(DS1302_IO) //读走数据
  27   2                              da |=  0x01 << i;
  28   2                      DS1302_SCLK = 1;
  29   2              }
  30   1              return (da);
  31   1      }
  32          
  33          void wirteData(uchar address, uchar value) {
  34   1              DS1302_RST = 0;
  35   1              DS1302_SCLK = 0;
  36   1              DS1302_RST = 1;
  37   1              write1Byte(address); // 地址，命令
  38   1              write1Byte(value); // 写1Byte数据
  39   1              DS1302_SCLK = 1;
  40   1              DS1302_RST= 0;
  41   1      }
  42          
  43          uchar readData(uchar address) {
  44   1              unsigned char data_;
  45   1              DS1302_RST = 0;
  46   1              DS1302_SCLK = 0;
  47   1              DS1302_RST = 1;
  48   1              write1Byte(address);
  49   1              data_ = readDS1302();
  50   1              DS1302_SCLK = 1;
  51   1              DS1302_RST  = 0;
  52   1              
  53   1      //      data_ = data_/16*10 + data_ % 16;
  54   1      
  55   1              return (data_);
C51 COMPILER V9.01   DS1302                                                                08/30/2013 12:19:50 PAGE 2   

  56   1      }
  57          
  58          void DS1302Init() {
  59   1              wirteData(0x8E,0x00);//打开保护，是寄存器可读可写
  60   1              wirteData(0x84,0x00);//时寄存器全部置零,是计时器变为24小时制
  61   1      
  62   1              //写数据 min h date month day year
  63   1              wirteData(0x82,0x00);
  64   1              wirteData(0x84,0x12);
  65   1              wirteData(0x86,0x23);
  66   1              wirteData(0x88,0x12);
  67   1              wirteData(0x8a,0x05);
  68   1              wirteData(0x8c,0x11);//11年 因为这个芯片只有年的后面两位
  69   1      
  70   1              wirteData(0x80,0x00); //秒位全部置零,启动时钟
  71   1              //向DS1302的ram中写一个数，表示DS1302已经被启动了
  72   1              wirteData(0x8E,0x80);//关闭保护
  73   1      }
  74          
  75          void DS1302SetTime (unsigned char *time) {//一个字符数组 数据从小到大
  76   1              //写数据sec min h date month day year
  77   1              char i,t;
  78   1              unsigned char address = 0x80;
  79   1      
  80   1              wirteData(0x8E,0x00);//打开保护，是寄存器可读可写
  81   1      
  82   1              for(i = 0; i < 7; i++) {
  83   2                      t = *time;
  84   2                      t =  t / 10 * 16 + t % 10; //转码
  85   2                      wirteData(address,t);
  86   2                      time ++;
  87   2                      address += 2;
  88   2              }
  89   1              wirteData(0x8E,0x80);//关闭保护
  90   1      }
  91          
  92          void DS1302GetTime (unsigned char *time) {//一个字符数组
  93   1              char i;
  94   1              unsigned char address = 0x81;
  95   1      
  96   1              for(i = 0; i < 7; i++) {
  97   2                      *time = readData(address);//读取的时间为BCD码,这里需要转码
  98   2                      *time = *time/16*10 + *time%16;
  99   2                      time ++;
 100   2                      address += 2;
 101   2              }
 102   1      }
 103          


MODULE INFORMATION:   STATIC OVERLAYABLE
   CODE SIZE        =    302    ----
   CONSTANT SIZE    =   ----    ----
   XDATA SIZE       =   ----    ----
   PDATA SIZE       =   ----    ----
   DATA SIZE        =   ----       7
   IDATA SIZE       =   ----    ----
   BIT SIZE         =   ----    ----
END OF MODULE INFORMATION.


C51 COMPILATION COMPLETE.  0 WARNING(S),  0 ERROR(S)
