C51 COMPILER V9.01   MAIN                                                                  08/30/2013 12:19:50 PAGE 1   


C51 COMPILER V9.01, COMPILATION OF MODULE MAIN
OBJECT MODULE PLACED IN main.OBJ
COMPILER INVOKED BY: D:\keil\C51\BIN\C51.EXE main.c BROWSE DEBUG OBJECTEXTEND

line level    source

   1          #include <reg52.h>
   2          #include "LCD1602.h"
   3          
   4          #include "ds1302.h"
   5          #include "uart.h"
   6          #include <stdio.h>
   7          
   8          #define uchar unsigned char
   9          #define uint unsigned int
  10          
  11          
  12          uchar time [7] = {0x00,0x50,0x16,0x14,0x10,0x07,0x12};
  13          
  14          uchar code num [] = "0123456789";
  15          uchar y[] = "2012/10/14";
  16          uchar t[] = "17:01:00";
  17          
  18          void delay(unsigned int i) { //实现了0.001秒的延时      
  19   1              unsigned int x,j;       
  20   1              for(j=0;j<i;j++) {
  21   2                      for(x=0;x<=148;x++) {
  22   3                      }       
  23   2              }
  24   1      }
  25          
  26          void main() {
  27   1              uchar i;
  28   1      
  29   1              DS1302Init();
  30   1              initLcd1602();
  31   1              initUart();
  32   1      
  33   1              DS1302SetTime(time);
  34   1      
  35   1              for(i = 3; i < 13; i++) {
  36   2                      lcd1602Show(i,0,y[i-3]);        
  37   2              }
  38   1      
  39   1              for(i = 4; i < 12; i++) {
  40   2                      lcd1602Show(i,1,t[i - 4]);      
  41   2              }
  42   1      
  43   1              while(1) {
  44   2                      DS1302GetTime(time);
  45   2      
  46   2                      lcd1602Show(11,1,num[time[0] % 10]);
  47   2                      lcd1602Show(10,1,num[time[0] / 10]);            
  48   2                      lcd1602Show(8,1,num[time[1] % 10]);
  49   2                      lcd1602Show(7,1,num[time[1] / 10]);
  50   2                      lcd1602Show(5,1,num[time[2] % 10]);
  51   2                      lcd1602Show(4,1,num[time[2] / 10]);
  52   2      
  53   2                      lcd1602Show(12,0,num[time[3] % 10]);
  54   2                      lcd1602Show(11,0,num[time[3] / 10]);            
  55   2                      lcd1602Show(9,0,num[time[4] % 10]);
C51 COMPILER V9.01   MAIN                                                                  08/30/2013 12:19:50 PAGE 2   

  56   2                      lcd1602Show(8,0,num[time[4] / 10]);
  57   2                      lcd1602Show(6,0,num[time[6] % 10]);
  58   2                      lcd1602Show(5,0,num[time[6] / 10]);                                             
  59   2      
  60   2                      UartSendByte(time[0]);
  61   2                      UartSendByte(time[1]);
  62   2                      UartSendByte('\t');
  63   2                      delay(100);
  64   2              }
  65   1      
  66   1      }
  67          
  68           


MODULE INFORMATION:   STATIC OVERLAYABLE
   CODE SIZE        =    364    ----
   CONSTANT SIZE    =     11    ----
   XDATA SIZE       =   ----    ----
   PDATA SIZE       =   ----    ----
   DATA SIZE        =     27       1
   IDATA SIZE       =   ----    ----
   BIT SIZE         =   ----    ----
END OF MODULE INFORMATION.


C51 COMPILATION COMPLETE.  0 WARNING(S),  0 ERROR(S)
