C51 COMPILER V9.01   LCD1602                                                               10/30/2013 18:58:27 PAGE 1   


C51 COMPILER V9.01, COMPILATION OF MODULE LCD1602
OBJECT MODULE PLACED IN LCD1602.OBJ
COMPILER INVOKED BY: D:\keil\C51\BIN\C51.EXE LCD1602.c BROWSE DEBUG OBJECTEXTEND

line level    source

   1          #include "lcd1602.h"
   2          #include "reg52.h"
   3          
   4          sbit lcdenable = P1^0;
   5          sbit lcdRS = P1^2;
   6          sbit lcdRW = P1^1;
   7          
   8          void lcd1602_writeCommand(unsigned char c);
   9          void lcd1602Delay(unsigned int i);
  10          
  11          void lcd1602Delay(unsigned int i) { //实现了0.001秒的延时       
  12   1              unsigned int x,j;       
  13   1              for(j=0;j<i;j++) {
  14   2                      for(x=0;x<=148;x++) {
  15   3                      }       
  16   2              }
  17   1      }
  18          
  19          void lcd1602_writeCommand(unsigned char c) {
  20   1              //RS = L为写指令状态,RS = H 为写数据状态
  21   1              lcdRS = 0;       //设置液晶为写命令状态
  22   1              lcdRW = 0;      //设置为写状态
  23   1              P0 = c; //送数据
  24   1              lcd1602Delay(5);  //按照手册,延时一会儿
  25   1              //给一个高脉冲,让数据有效的被读走
  26   1              lcdenable = 1; 
  27   1              lcd1602Delay(5);
  28   1              lcdenable = 0;
  29   1      }
  30          
  31          void lcd1602Show(unsigned char x, unsigned char y, unsigned char d) {
  32   1              //RS = L为写指令状态,RS = H 为写数据状态
  33   1              if(y == 0) //如果没有postion == -1,说明没有设置位置.我没就接着上一次的地址写
  34   1                      lcd1602_writeCommand(0x80 + x); 
  35   1              if(y == 1)
  36   1                      lcd1602_writeCommand(0x80 + 0x40 + x);  
  37   1              
  38   1              lcdRS = 1;       //设置液晶为写数据状态
  39   1              lcdRW = 0;      //设置为写状态
  40   1              P0 = d; //送数据
  41   1              lcd1602Delay(5);  //按照手册,延时一会儿
  42   1              //给一个高脉冲,让数据有效的被读走
  43   1              lcdenable = 1; 
  44   1              lcd1602Delay(5);
  45   1              lcdenable = 0;  
  46   1      }
  47          
  48          
  49          void initLcd1602() {
  50   1              //初始化总的环境                           
  51   1              lcdenable = 0;//是液晶能接收信号
  52   1              lcd1602_writeCommand(0x38);//设置16x02显示,8位数据口
  53   1              lcd1602_writeCommand(0x01);//清楚当前显示的数据
  54   1              lcd1602_writeCommand(0x0c);//设置显示:开;光标:显示光标:开;闪烁:开
  55   1              lcd1602_writeCommand(0x06);//读写一个字符地址:自动加一;自动滚屏:否  
C51 COMPILER V9.01   LCD1602                                                               10/30/2013 18:58:27 PAGE 2   

  56   1              lcd1602_writeCommand(0x80);//设置地址为第一个字符处
  57   1      }


MODULE INFORMATION:   STATIC OVERLAYABLE
   CODE SIZE        =    121    ----
   CONSTANT SIZE    =   ----    ----
   XDATA SIZE       =   ----    ----
   PDATA SIZE       =   ----    ----
   DATA SIZE        =   ----       2
   IDATA SIZE       =   ----    ----
   BIT SIZE         =   ----    ----
END OF MODULE INFORMATION.


C51 COMPILATION COMPLETE.  0 WARNING(S),  0 ERROR(S)
