C51 COMPILER V9.01   MAIN                                                                  10/30/2013 18:58:27 PAGE 1   


C51 COMPILER V9.01, COMPILATION OF MODULE MAIN
OBJECT MODULE PLACED IN main.OBJ
COMPILER INVOKED BY: D:\keil\C51\BIN\C51.EXE main.c BROWSE DEBUG OBJECTEXTEND

line level    source

   1          #include "lcd1602.h"
   2          
   3          void main () {
   4   1      
   5   1              initLcd1602();          
   6   1              lcd1602Show(0,0,'H');   
   7   1              while (1);
   8   1      }


MODULE INFORMATION:   STATIC OVERLAYABLE
   CODE SIZE        =     13    ----
   CONSTANT SIZE    =   ----    ----
   XDATA SIZE       =   ----    ----
   PDATA SIZE       =   ----    ----
   DATA SIZE        =   ----    ----
   IDATA SIZE       =   ----    ----
   BIT SIZE         =   ----    ----
END OF MODULE INFORMATION.


C51 COMPILATION COMPLETE.  0 WARNING(S),  0 ERROR(S)
