C51 COMPILER V9.01   MAIN                                                                  08/30/2013 11:28:48 PAGE 1   


C51 COMPILER V9.01, COMPILATION OF MODULE MAIN
OBJECT MODULE PLACED IN main.OBJ
COMPILER INVOKED BY: D:\keil\C51\BIN\C51.EXE main.c BROWSE DEBUG OBJECTEXTEND

line level    source

   1          #include <reg52.h>
   2          #include "adc0832.h"
   3          
   4          #define uchar unsigned char
   5          #define uint unsigned int
   6          
   7          sbit led0 = P2^6;
   8          sbit led1 = P2^5;
   9          sbit led2 = P2^4;
  10          sbit led3 = P2^7;
  11          //无点
  12          unsigned char code numbers[10] = {0x5f,0x0a,0x9d,0xd5,0xc6,0xd3,0xdb,0x45,0xdf,0xd7};
  13          
  14          //有点
  15          unsigned char code numbers2[10] = {0x5f,0x0a,0x9d,0xd5,0xc6,0xd3,0xdb,0x45,0xdf,0xd7};
  16          
  17          void delay(unsigned int i) { //实现了0.001秒的延时
  18   1              
  19   1              unsigned int x,j;
  20   1              
  21   1              for(j=0;j<i;j++) {
  22   2                      for(x=0;x<=148;x++) {
  23   3                      }       
  24   2              }
  25   1      }
  26          
  27          void main() {
  28   1              uchar i;
  29   1              uint r;
  30   1      
  31   1              r = ADC0832ReadInfo() * 215;
  32   1      
  33   1              while(1) {
  34   2                      //显示第一位
  35   2                      led0 = 0; 
  36   2                      P0 = numbers2[r/10000];
  37   2                      delay(4);
  38   2                      led0 = 1;
  39   2                      //显示第二位
  40   2                      led1 = 0;
  41   2                      P0 = numbers[r/1000%10];
  42   2                      delay(4);
  43   2                      led1 = 1;
  44   2                      //显示第三位
  45   2                      led2 = 0;
  46   2                      P0 = numbers[r%100/100];
  47   2                      delay(4);
  48   2                      led2 = 1;       
  49   2                      //显示第四位
  50   2                      led3 = 0;
  51   2                      P0 = numbers[r%10000];
  52   2                      delay(4);
  53   2                      led3 = 1;
  54   2      
  55   2              if(i > 20) {
C51 COMPILER V9.01   MAIN                                                                  08/30/2013 11:28:48 PAGE 2   

  56   3                              r =  ADC0832ReadInfo()* 215;
  57   3                              i = 0;
  58   3                      }
  59   2                      i++;
  60   2              }
  61   1      }


MODULE INFORMATION:   STATIC OVERLAYABLE
   CODE SIZE        =    196    ----
   CONSTANT SIZE    =     20    ----
   XDATA SIZE       =   ----    ----
   PDATA SIZE       =   ----    ----
   DATA SIZE        =   ----       3
   IDATA SIZE       =   ----    ----
   BIT SIZE         =   ----    ----
END OF MODULE INFORMATION.


C51 COMPILATION COMPLETE.  0 WARNING(S),  0 ERROR(S)
