C51 COMPILER V9.01   MAIN                                                                  08/30/2013 12:49:20 PAGE 1   


C51 COMPILER V9.01, COMPILATION OF MODULE MAIN
OBJECT MODULE PLACED IN main.OBJ
COMPILER INVOKED BY: D:\keil\C51\BIN\C51.EXE main.c BROWSE DEBUG OBJECTEXTEND

line level    source

   1          #include "reg52.h"
   2          #include "WatchDog.h"
   3          #include "power.h"
   4          
   5          void main() {
   6   1              while(1){
   7   2                      launchDog();
   8   2                      P0 = 0xff;
   9   2                      if(getResetMode() == 0x10) {
  10   3                              clearReset();  //记得清零才有效
  11   3                              P0 &= 0xfe;
  12   3                      } else
  13   2                              P0 &= 0xfb;
  14   2                      while(1);
  15   2              }
  16   1      }


MODULE INFORMATION:   STATIC OVERLAYABLE
   CODE SIZE        =     25    ----
   CONSTANT SIZE    =   ----    ----
   XDATA SIZE       =   ----    ----
   PDATA SIZE       =   ----    ----
   DATA SIZE        =   ----    ----
   IDATA SIZE       =   ----    ----
   BIT SIZE         =   ----    ----
END OF MODULE INFORMATION.


C51 COMPILATION COMPLETE.  0 WARNING(S),  0 ERROR(S)
