C51 COMPILER V9.01   WATCHDOG                                                              08/30/2013 12:49:20 PAGE 1   


C51 COMPILER V9.01, COMPILATION OF MODULE WATCHDOG
OBJECT MODULE PLACED IN WatchDog.OBJ
COMPILER INVOKED BY: D:\keil\C51\BIN\C51.EXE WatchDog.c BROWSE DEBUG OBJECTEXTEND

line level    source

   1          #include "WatchDog.h"
   2          
   3          sfr WDT_CONTR = 0XE1;  
   4          
   5          void launchDog () { //11.0592MHz复位时间大概是1.1377s
   6   1              WDT_CONTR = 0x34;   
   7   1              /* 0011,0100   
   8   1              EN_WDT = 1,   看门狗启动  
   9   1              CLR_WDT = 1,  看门狗清零  
  10   1              IDLE_WDT = 0, 看门狗定时器在“空闲模式”时不计数  
  11   1              PS2 = 1,  32分频  
  12   1              PS1 = 0,   
  13   1          PS0 = 0*/  
  14   1      }
  15          void feedDog () {
  16   1              WDT_CONTR &= 0x10; 
  17   1      }


MODULE INFORMATION:   STATIC OVERLAYABLE
   CODE SIZE        =      8    ----
   CONSTANT SIZE    =   ----    ----
   XDATA SIZE       =   ----    ----
   PDATA SIZE       =   ----    ----
   DATA SIZE        =   ----    ----
   IDATA SIZE       =   ----    ----
   BIT SIZE         =   ----    ----
END OF MODULE INFORMATION.


C51 COMPILATION COMPLETE.  0 WARNING(S),  0 ERROR(S)
