C51 COMPILER V9.52.0.0   MAIN                                                              01/01/2015 15:17:53 PAGE 1   


C51 COMPILER V9.52.0.0, COMPILATION OF MODULE MAIN
OBJECT MODULE PLACED IN main.OBJ
COMPILER INVOKED BY: D:\Keil\C51\BIN\C51.EXE main.c BROWSE DEBUG OBJECTEXTEND TABS(2)

line level    source

   1          #include "uart.h"
   2          #include "reg52.h"
   3          #include <stdio.h>
   4          
   5          void main() {
   6   1        unsigned char d = 0;
   7   1        initUart();
   8   1      
   9   1        while(1) {
  10   2          d = UartReadByte();
  11   2          UartSendByte(d);
  12   2        }
  13   1      }


MODULE INFORMATION:   STATIC OVERLAYABLE
   CODE SIZE        =     16    ----
   CONSTANT SIZE    =   ----    ----
   XDATA SIZE       =   ----    ----
   PDATA SIZE       =   ----    ----
   DATA SIZE        =   ----       1
   IDATA SIZE       =   ----    ----
   BIT SIZE         =   ----    ----
END OF MODULE INFORMATION.


C51 COMPILATION COMPLETE.  0 WARNING(S),  0 ERROR(S)
