C51 COMPILER V9.52.0.0   UART                                                              01/01/2015 15:17:53 PAGE 1   


C51 COMPILER V9.52.0.0, COMPILATION OF MODULE UART
OBJECT MODULE PLACED IN uart.OBJ
COMPILER INVOKED BY: D:\Keil\C51\BIN\C51.EXE uart.c BROWSE DEBUG OBJECTEXTEND TABS(2)

line level    source

   1          #include <reg52.h>
   2          #include "uart.h"
   3          
   4          void initUart() {
   5   1        PCON = 0x00; //使能波特率倍速位SMOD
   6   1        SCON = 0x50; //8位数据,可变波特率
   7   1        TMOD &= 0x0f; //清除定时器1模式位
   8   1        TMOD |= 0x20; //设定定时器1为8位自动重装方式
   9   1        
  10   1        TL1 = 0xFD; //设定定时初值
  11   1        TH1 = 0xFD; //设定定时器重装值
  12   1        
  13   1        ET1 = 0; //禁止定时器1中断
  14   1        TR1 = 1; //启动定时器1
  15   1        ES = 1;
  16   1        EA = 1;
  17   1      }
  18          
  19          void UartSendByte (unsigned char value) {
  20   1        ES = 0;
  21   1        SBUF = value;
  22   1        while(!TI);
  23   1        TI = 0; //记得要清零,不然会发送两次
  24   1        ES = 1;
  25   1      }
  26          
  27          unsigned char UartReadByte () {
  28   1        unsigned char d;
  29   1        while(RI != 1);
  30   1        d = SBUF;
  31   1        RI = 0;
  32   1        return (d);
  33   1      }


MODULE INFORMATION:   STATIC OVERLAYABLE
   CODE SIZE        =     47    ----
   CONSTANT SIZE    =   ----    ----
   XDATA SIZE       =   ----    ----
   PDATA SIZE       =   ----    ----
   DATA SIZE        =   ----    ----
   IDATA SIZE       =   ----    ----
   BIT SIZE         =   ----    ----
END OF MODULE INFORMATION.


C51 COMPILATION COMPLETE.  0 WARNING(S),  0 ERROR(S)
