C51 COMPILER V9.01   BUZZ                                                                  08/30/2013 11:32:21 PAGE 1   


C51 COMPILER V9.01, COMPILATION OF MODULE BUZZ
OBJECT MODULE PLACED IN BUZZ.OBJ
COMPILER INVOKED BY: D:\keil\C51\BIN\C51.EXE BUZZ.c BROWSE DEBUG OBJECTEXTEND

line level    source

   1          #include "buzz.h"
   2          #include "reg52.h"
   3          
   4          sbit b = P2^3;
   5          
   6          void noise () {
   7   1              b = 0;
   8   1      }
   9          
  10          void quiet () {
  11   1              b = 1;
  12   1      }


MODULE INFORMATION:   STATIC OVERLAYABLE
   CODE SIZE        =      6    ----
   CONSTANT SIZE    =   ----    ----
   XDATA SIZE       =   ----    ----
   PDATA SIZE       =   ----    ----
   DATA SIZE        =   ----    ----
   IDATA SIZE       =   ----    ----
   BIT SIZE         =   ----    ----
END OF MODULE INFORMATION.


C51 COMPILATION COMPLETE.  0 WARNING(S),  0 ERROR(S)
