C51 COMPILER V9.01   MAIN                                                                  08/30/2013 12:42:46 PAGE 1   


C51 COMPILER V9.01, COMPILATION OF MODULE MAIN
OBJECT MODULE PLACED IN main.OBJ
COMPILER INVOKED BY: D:\keil\C51\BIN\C51.EXE main.c BROWSE DEBUG OBJECTEXTEND

line level    source

   1          #include "reg52.h"
   2          #include "Power.h"
   3          
   4          void main() {
   5   1              while(1){
   6   2                      P0 = 0xff;
   7   2                      if(getResetMode() == 0x10) {//如果上电复位就直接进入掉电模式
   8   3                              clearReset();   //记得清零标识位
   9   3                              P0 &= 0xfe;
  10   3                              enterPowerDown();
  11   3                              P0 &= 0x00;
  12   3                      } else
  13   2                              P0 &= 0xfb;
  14   2                      while(1);
  15   2              }
  16   1      }
  17          
  18          /*
  19          //掉电过后不管是中断还是按键复位都是从程序头执行，而不是像文档里面写那样。继续执行
  20          
  21          注意如果要用中断唤醒程序的话，需要开启中断
  22          
  23          如果不用的中断唤醒的话，记得删除  enterPowerDown 函数里面开启中断的程序段
  24          */


MODULE INFORMATION:   STATIC OVERLAYABLE
   CODE SIZE        =     28    ----
   CONSTANT SIZE    =   ----    ----
   XDATA SIZE       =   ----    ----
   PDATA SIZE       =   ----    ----
   DATA SIZE        =   ----    ----
   IDATA SIZE       =   ----    ----
   BIT SIZE         =   ----    ----
END OF MODULE INFORMATION.


C51 COMPILATION COMPLETE.  0 WARNING(S),  0 ERROR(S)
