C51 COMPILER V9.01   POWER                                                                 08/30/2013 12:42:46 PAGE 1   


C51 COMPILER V9.01, COMPILATION OF MODULE POWER
OBJECT MODULE PLACED IN Power.OBJ
COMPILER INVOKED BY: D:\keil\C51\BIN\C51.EXE Power.c BROWSE DEBUG OBJECTEXTEND

line level    source

   1          #include "Power.h"
   2          
   3          #define uchar unsigned char
   4          #define uint unsigned int
   5          
   6          unsigned char getResetMode() {
   7   1              return PCON &  0x10;
   8   1      }
   9          
  10          void enterPowerDown () {
  11   1              EA = 1;//打开中断总开关
  12   1              EX1 = 1;//打开外部中断1
  13   1              IT0 = 0;//当IT0=0时，为电平触发方式(低电平)     
  14   1              PCON |= 0x02;
  15   1      }
  16          
  17          void exitPowerDown () {
  18   1              PCON ^= 0x02;
  19   1      }
  20          
  21          void clearReset() {
  22   1              PCON &=  0xef;
  23   1      }


MODULE INFORMATION:   STATIC OVERLAYABLE
   CODE SIZE        =     24    ----
   CONSTANT SIZE    =   ----    ----
   XDATA SIZE       =   ----    ----
   PDATA SIZE       =   ----    ----
   DATA SIZE        =   ----    ----
   IDATA SIZE       =   ----    ----
   BIT SIZE         =   ----    ----
END OF MODULE INFORMATION.


C51 COMPILATION COMPLETE.  0 WARNING(S),  0 ERROR(S)
