C51 COMPILER V9.01   TIMER                                                                 10/28/2012 14:33:44 PAGE 1   


C51 COMPILER V9.01, COMPILATION OF MODULE TIMER
OBJECT MODULE PLACED IN Timer.OBJ
COMPILER INVOKED BY: D:\keil\C51\BIN\C51.EXE Timer.c BROWSE DEBUG OBJECTEXTEND

line level    source

   1          #include "timer.h"
   2          
   3          static void init1 ();
   4          static void init2 ();
   5          
   6          Timer_T timer1;
   7          timer1.init = init1;
*** ERROR C129 IN LINE 7 OF TIMER.C: missing ';' before '.'
   8          
   9          Timer_T timer2;
  10          timer2.init = init2;
  11          
  12          Timer timer = {
  13                  timer1,
  14                  timer2
  15          };
  16          
  17          void init1 () {
  18                  TMOD = 0x01;//这个等效于GATE=0 ,C/T=0,M0M1=01
  19                  TH0=(65536 - timer1.period)/256;//计数器装初值
  20                  TL0=(65536 - timer1.period)%256;
  21                  EA=1;//打开中断总开关
  22                  ET0=1;//打开定时器中断
  23                  TR0=1;//第一个计时器开始计时    
  24          }
  25          
  26          void init2 () {
  27                  TMOD = 0x01;//这个等效于GATE=0 ,C/T=0,M0M1=01
  28                  TH1=(65536 - timer2.period)/256;//计数器装初值
  29                  TL1=(65536 - timer2.period)%256;
  30                  EA=1;//打开中断总开关
  31                  ET1=1;//打开定时器中断
  32                  TR1=1;//第一个计时器开始计时    
  33          }

C51 COMPILATION COMPLETE.  0 WARNING(S),  1 ERROR(S)
