C51 COMPILER V9.01   MAIN                                                                  08/30/2013 11:23:03 PAGE 1   


C51 COMPILER V9.01, COMPILATION OF MODULE MAIN
OBJECT MODULE PLACED IN main.OBJ
COMPILER INVOKED BY: D:\keil\C51\BIN\C51.EXE main.c BROWSE DEBUG OBJECTEXTEND

line level    source

   1          #include "24C02.h"
   2          
   3          void delay (unsigned int time)  {//实现了0.01秒的延时   
   4   1              unsigned int i,j;
   5   1              for(i = 0; i < time; i++) {
   6   2                      for(j = 0; j < 125; j++) {
   7   3                      }
   8   2              } 
   9   1              
  10   1      }
  11          
  12          void main() {
  13   1              while(1) {
  14   2                      unsigned char num;
  15   2                      writeData(3,0xaa);
  16   2                       delay(1);//记得中间要暂停下
  17   2                      num = readData(3);
  18   2                      //显示
  19   2                      P0 = num;
  20   2                      while(1);               
  21   2              }
  22   1      }


MODULE INFORMATION:   STATIC OVERLAYABLE
   CODE SIZE        =     58    ----
   CONSTANT SIZE    =   ----    ----
   XDATA SIZE       =   ----    ----
   PDATA SIZE       =   ----    ----
   DATA SIZE        =   ----       1
   IDATA SIZE       =   ----    ----
   BIT SIZE         =   ----    ----
END OF MODULE INFORMATION.


C51 COMPILATION COMPLETE.  0 WARNING(S),  0 ERROR(S)
